<?xml version="1.0" encoding="UTF-8"?>
<testsuite xmlns:xsi="http://www.w3.org/2001/XMLSchema-instance" xsi:noNamespaceSchemaLocation="https://maven.apache.org/surefire/maven-surefire-plugin/xsd/surefire-test-report.xsd" name="RestAssuredGetAllureTest" time="4.304" tests="3" errors="0" skipped="0" failures="2">
  <properties>
[...]
</properties>
  <testcase name="checkUserName" classname="RestAssuredGetAllureTest" time="3.847">
    <failure message="1 expectation failed.&#10;JSON path data.name doesn&apos;t match.&#10;Expected: Р’Р°СЃРёР»РёР№ Р’Р°СЃРёР»СЊРµРІ&#10;  Actual: Василий Васильев&#10;" type="java.lang.AssertionError">java.lang.AssertionError: 
1 expectation failed.
JSON path data.name doesn't match.
Expected: Р’Р°СЃРёР»РёР№ Р’Р°СЃРёР»СЊРµРІ
  Actual: Василий Васильев

	at RestAssuredGetAllureTest.checkUserName(RestAssuredGetAllureTest.java:31)
</failure>
  </testcase>
  <testcase name="checkUserNameAndPrintResponseBody" classname="RestAssuredGetAllureTest" time="0.167">
    <failure message="1 expectation failed.&#10;JSON path data.name doesn&apos;t match.&#10;Expected: Р’Р°СЃРёР»РёР№ Р’Р°СЃРёР»СЊРµРІ&#10;  Actual: Василий Васильев&#10;" type="java.lang.AssertionError">java.lang.AssertionError: 
1 expectation failed.
JSON path data.name doesn't match.
Expected: Р’Р°СЃРёР»РёР№ Р’Р°СЃРёР»СЊРµРІ
  Actual: Василий Васильев

	at RestAssuredGetAllureTest.checkUserNameAndPrintResponseBody(RestAssuredGetAllureTest.java:40)
</failure>
  </testcase>
  <testcase name="getMyInfoStatusCode" classname="RestAssuredGetAllureTest" time="0.2"/>
</testsuite>